<?xml version="1.0" encoding="UTF-8"?>
<!-- Generated by org.testng.reporters.JUnitReportReporter -->
<testsuite hostname="DESKTOP-GALIT1B" failures="0" tests="1" name="gitfacebook02.Gitfacebook" time="7.692" errors="0" timestamp="2024-05-03T19:15:39 IST" skipped="0">
  <testcase classname="gitfacebook02.Gitfacebook" name="loginpage" time="7.692"/>
  <system-out/>
</testsuite> <!-- gitfacebook02.Gitfacebook -->
